Traceback (most recent call last):
  File "/Users/dawe7269/opt/anaconda3/lib/python3.7/site-packages/jupyter_cache/executors/utils.py", line 56, in single_nb_execution
    record_timing=False,
  File "/Users/dawe7269/opt/anaconda3/lib/python3.7/site-packages/nbclient/client.py", line 1082, in execute
    return NotebookClient(nb=nb, resources=resources, km=km, **kwargs).execute()
  File "/Users/dawe7269/opt/anaconda3/lib/python3.7/site-packages/nbclient/util.py", line 74, in wrapped
    return just_run(coro(*args, **kwargs))
  File "/Users/dawe7269/opt/anaconda3/lib/python3.7/site-packages/nbclient/util.py", line 53, in just_run
    return loop.run_until_complete(coro)
  File "/Users/dawe7269/opt/anaconda3/lib/python3.7/asyncio/base_events.py", line 587, in run_until_complete
    return future.result()
  File "/Users/dawe7269/opt/anaconda3/lib/python3.7/site-packages/nbclient/client.py", line 536, in async_execute
    cell, index, execution_count=self.code_cells_executed + 1
  File "/Users/dawe7269/opt/anaconda3/lib/python3.7/site-packages/nbclient/client.py", line 827, in async_execute_cell
    self._check_raise_for_error(cell, exec_reply)
  File "/Users/dawe7269/opt/anaconda3/lib/python3.7/site-packages/nbclient/client.py", line 735, in _check_raise_for_error
    raise CellExecutionError.from_cell_and_msg(cell, exec_reply['content'])
nbclient.exceptions.CellExecutionError: An error occurred while executing the following cell:
------------------
dot(cvec,rvec)  # This doesn't work!
------------------

[0;31m---------------------------------------------------------------------------[0m
[0;31mValueError[0m                                Traceback (most recent call last)
[0;32m<ipython-input-31-6f8f12690f15>[0m in [0;36m<module>[0;34m[0m
[0;32m----> 1[0;31m [0mdot[0m[0;34m([0m[0mcvec[0m[0;34m,[0m[0mrvec[0m[0;34m)[0m  [0;31m# This doesn't work![0m[0;34m[0m[0;34m[0m[0m
[0m
[0;32m<__array_function__ internals>[0m in [0;36mdot[0;34m(*args, **kwargs)[0m

[0;31mValueError[0m: shapes (2,1) and (2,) not aligned: 1 (dim 1) != 2 (dim 0)
ValueError: shapes (2,1) and (2,) not aligned: 1 (dim 1) != 2 (dim 0)

